GPU 0: Tesla T4 (UUID: GPU-0cec8a5f-cdfa-9092-a124-5d98ed6c9cc9)

Google Colab not detected.
Defaulting to user installation because normal site-packages is not writeable
Looking in indexes: https://pypi.org/simple, https://pip.repos.neuron.amazonaws.com
Requirement already satisfied: lpips in /home/ubuntu/.local/lib/python3.7/site-packages (0.1.4)
Requirement already satisfied: datetime in /home/ubuntu/.local/lib/python3.7/site-packages (4.4)
Requirement already satisfied: timm in /home/ubuntu/.local/lib/python3.7/site-packages (0.5.4)
Requirement already satisfied: ftfy in /home/ubuntu/.local/lib/python3.7/site-packages (6.1.1)
Requirement already satisfied: einops in /home/ubuntu/.local/lib/python3.7/site-packages (0.4.1)
Requirement already satisfied: pytorch-lightning in /home/ubuntu/.local/lib/python3.7/site-packages (1.6.3)
Requirement already satisfied: omegaconf in /home/ubuntu/.local/lib/python3.7/site-packages (2.1.2)
Requirement already satisfied: numpy>=1.14.3 in /home/ubuntu/.local/lib/python3.7/site-packages (from lpips) (1.21.6)
Requirement already satisfied: torchvision>=0.2.1 in /home/ubuntu/.local/lib/python3.7/site-packages (from lpips) (0.12.0)
Requirement already satisfied: torch>=0.4.0 in /home/ubuntu/.local/lib/python3.7/site-packages (from lpips) (1.11.0)
Requirement already satisfied: tqdm>=4.28.1 in /home/ubuntu/.local/lib/python3.7/site-packages (from lpips) (4.64.0)
Requirement already satisfied: scipy>=1.0.1 in /home/ubuntu/.local/lib/python3.7/site-packages (from lpips) (1.7.3)
Requirement already satisfied: pytz in /home/ubuntu/.local/lib/python3.7/site-packages (from datetime) (2022.1)
Requirement already satisfied: zope.interface in /usr/lib/python3/dist-packages (from datetime) (4.3.2)
Requirement already satisfied: wcwidth>=0.2.5 in /home/ubuntu/.local/lib/python3.7/site-packages (from ftfy) (0.2.5)
Requirement already satisfied: packaging>=17.0 in /home/ubuntu/.local/lib/python3.7/site-packages (from pytorch-lightning) (21.3)
Requirement already satisfied: typing-extensions>=4.0.0 in /home/ubuntu/.local/lib/python3.7/site-packages (from pytorch-lightning) (4.2.0)
Requirement already satisfied: fsspec[http]!=2021.06.0,>=2021.05.0 in /home/ubuntu/.local/lib/python3.7/site-packages (from pytorch-lightning) (2022.3.0)
Requirement already satisfied: pyDeprecate<0.4.0,>=0.3.1 in /home/ubuntu/.local/lib/python3.7/site-packages (from pytorch-lightning) (0.3.2)
Requirement already satisfied: torchmetrics>=0.4.1 in /home/ubuntu/.local/lib/python3.7/site-packages (from pytorch-lightning) (0.8.2)
Requirement already satisfied: PyYAML>=5.4 in /home/ubuntu/.local/lib/python3.7/site-packages (from pytorch-lightning) (6.0)
Requirement already satisfied: tensorboard>=2.2.0 in /home/ubuntu/.local/lib/python3.7/site-packages (from pytorch-lightning) (2.9.0)
Requirement already satisfied: antlr4-python3-runtime==4.8 in /home/ubuntu/.local/lib/python3.7/site-packages (from omegaconf) (4.8)
Requirement already satisfied: aiohttp in /home/ubuntu/.local/lib/python3.7/site-packages (from fsspec[http]!=2021.06.0,>=2021.05.0->pytorch-lightning) (3.8.1)
Requirement already satisfied: requests in /home/ubuntu/.local/lib/python3.7/site-packages (from fsspec[http]!=2021.06.0,>=2021.05.0->pytorch-lightning) (2.27.1)
Requirement already satisfied: pyparsing!=3.0.5,>=2.0.2 in /home/ubuntu/.local/lib/python3.7/site-packages (from packaging>=17.0->pytorch-lightning) (3.0.8)
Requirement already satisfied: grpcio>=1.24.3 in /home/ubuntu/.local/lib/python3.7/site-packages (from tensorboard>=2.2.0->pytorch-lightning) (1.46.0)
Requirement already satisfied: markdown>=2.6.8 in /home/ubuntu/.local/lib/python3.7/site-packages (from tensorboard>=2.2.0->pytorch-lightning) (3.3.7)
Requirement already satisfied: werkzeug>=1.0.1 in /home/ubuntu/.local/lib/python3.7/site-packages (from tensorboard>=2.2.0->pytorch-lightning) (2.1.2)
Requirement already satisfied: tensorboard-data-server<0.7.0,>=0.6.0 in /home/ubuntu/.local/lib/python3.7/site-packages (from tensorboard>=2.2.0->pytorch-lightning) (0.6.1)
Requirement already satisfied: google-auth-oauthlib<0.5,>=0.4.1 in /home/ubuntu/.local/lib/python3.7/site-packages (from tensorboard>=2.2.0->pytorch-lightning) (0.4.6)
Requirement already satisfied: google-auth<3,>=1.6.3 in /home/ubuntu/.local/lib/python3.7/site-packages (from tensorboard>=2.2.0->pytorch-lightning) (2.6.6)
Requirement already satisfied: tensorboard-plugin-wit>=1.6.0 in /home/ubuntu/.local/lib/python3.7/site-packages (from tensorboard>=2.2.0->pytorch-lightning) (1.8.1)
Requirement already satisfied: wheel>=0.26 in /usr/lib/python3/dist-packages (from tensorboard>=2.2.0->pytorch-lightning) (0.30.0)
Requirement already satisfied: absl-py>=0.4 in /home/ubuntu/.local/lib/python3.7/site-packages (from tensorboard>=2.2.0->pytorch-lightning) (1.0.0)
Requirement already satisfied: protobuf>=3.9.2 in /home/ubuntu/.local/lib/python3.7/site-packages (from tensorboard>=2.2.0->pytorch-lightning) (3.20.1)
Requirement already satisfied: setuptools>=41.0.0 in /home/ubuntu/.local/lib/python3.7/site-packages (from tensorboard>=2.2.0->pytorch-lightning) (62.1.0)
Requirement already satisfied: pillow!=8.3.*,>=5.3.0 in /home/ubuntu/.local/lib/python3.7/site-packages (from torchvision>=0.2.1->lpips) (9.1.0)
Requirement already satisfied: six in /usr/lib/python3/dist-packages (from absl-py>=0.4->tensorboard>=2.2.0->pytorch-lightning) (1.11.0)
Requirement already satisfied: cachetools<6.0,>=2.0.0 in /home/ubuntu/.local/lib/python3.7/site-packages (from google-auth<3,>=1.6.3->tensorboard>=2.2.0->pytorch-lightning) (5.0.0)
Requirement already satisfied: rsa<5,>=3.1.4 in /home/ubuntu/.local/lib/python3.7/site-packages (from google-auth<3,>=1.6.3->tensorboard>=2.2.0->pytorch-lightning) (4.8)
Requirement already satisfied: pyasn1-modules>=0.2.1 in /usr/lib/python3/dist-packages (from google-auth<3,>=1.6.3->tensorboard>=2.2.0->pytorch-lightning) (0.2.1)
Requirement already satisfied: requests-oauthlib>=0.7.0 in /home/ubuntu/.local/lib/python3.7/site-packages (from google-auth-oauthlib<0.5,>=0.4.1->tensorboard>=2.2.0->pytorch-lightning) (1.3.1)
Requirement already satisfied: importlib-metadata>=4.4 in /home/ubuntu/.local/lib/python3.7/site-packages (from markdown>=2.6.8->tensorboard>=2.2.0->pytorch-lightning) (4.11.3)
Requirement already satisfied: charset-normalizer~=2.0.0 in /home/ubuntu/.local/lib/python3.7/site-packages (from requests->fsspec[http]!=2021.06.0,>=2021.05.0->pytorch-lightning) (2.0.12)
Requirement already satisfied: urllib3<1.27,>=1.21.1 in /home/ubuntu/.local/lib/python3.7/site-packages (from requests->fsspec[http]!=2021.06.0,>=2021.05.0->pytorch-lightning) (1.26.9)
Requirement already satisfied: certifi>=2017.4.17 in /usr/lib/python3/dist-packages (from requests->fsspec[http]!=2021.06.0,>=2021.05.0->pytorch-lightning) (2018.1.18)
Requirement already satisfied: idna<4,>=2.5 in /home/ubuntu/.local/lib/python3.7/site-packages (from requests->fsspec[http]!=2021.06.0,>=2021.05.0->pytorch-lightning) (3.3)
Requirement already satisfied: asynctest==0.13.0 in /home/ubuntu/.local/lib/python3.7/site-packages (from aiohttp->fsspec[http]!=2021.06.0,>=2021.05.0->pytorch-lightning) (0.13.0)
Requirement already satisfied: async-timeout<5.0,>=4.0.0a3 in /home/ubuntu/.local/lib/python3.7/site-packages (from aiohttp->fsspec[http]!=2021.06.0,>=2021.05.0->pytorch-lightning) (4.0.2)
Requirement already satisfied: attrs>=17.3.0 in /usr/lib/python3/dist-packages (from aiohttp->fsspec[http]!=2021.06.0,>=2021.05.0->pytorch-lightning) (17.4.0)
Requirement already satisfied: yarl<2.0,>=1.0 in /home/ubuntu/.local/lib/python3.7/site-packages (from aiohttp->fsspec[http]!=2021.06.0,>=2021.05.0->pytorch-lightning) (1.7.2)
Requirement already satisfied: multidict<7.0,>=4.5 in /home/ubuntu/.local/lib/python3.7/site-packages (from aiohttp->fsspec[http]!=2021.06.0,>=2021.05.0->pytorch-lightning) (6.0.2)
Requirement already satisfied: aiosignal>=1.1.2 in /home/ubuntu/.local/lib/python3.7/site-packages (from aiohttp->fsspec[http]!=2021.06.0,>=2021.05.0->pytorch-lightning) (1.2.0)
Requirement already satisfied: frozenlist>=1.1.1 in /home/ubuntu/.local/lib/python3.7/site-packages (from aiohttp->fsspec[http]!=2021.06.0,>=2021.05.0->pytorch-lightning) (1.3.0)
Requirement already satisfied: zipp>=0.5 in /home/ubuntu/.local/lib/python3.7/site-packages (from importlib-metadata>=4.4->markdown>=2.6.8->tensorboard>=2.2.0->pytorch-lightning) (3.8.0)
Requirement already satisfied: oauthlib>=3.0.0 in /home/ubuntu/.local/lib/python3.7/site-packages (from requests-oauthlib>=0.7.0->google-auth-oauthlib<0.5,>=0.4.1->tensorboard>=2.2.0->pytorch-lightning) (3.2.0)
Requirement already satisfied: pyasn1>=0.1.3 in /usr/lib/python3/dist-packages (from rsa<5,>=3.1.4->google-auth<3,>=1.6.3->tensorboard>=2.2.0->pytorch-lightning) (0.4.2)
